vagrant@master:/vagrant/k8s/mykafka$ kubectl logs pod/kafdrop-6f69cd8c7b-tggw2

:::    :::     :::     :::::::::: :::::::::  :::::::::   ::::::::  :::::::::        ::::::::  
:+:   :+:    :+: :+:   :+:        :+:    :+: :+:    :+: :+:    :+: :+:    :+:      :+:    :+: 
+:+  +:+    +:+   +:+  +:+        +:+    +:+ +:+    +:+ +:+    +:+ +:+    +:+             +:+ 
+#++:++    +#++:++#++: :#::+::#   +#+    +:+ +#++:++#:  +#+    +:+ +#++:++#+           +#++:  
+#+  +#+   +#+     +#+ +#+        +#+    +#+ +#+    +#+ +#+    +#+ +#+                    +#+ 
#+#   #+#  #+#     #+# #+#        #+#    #+# #+#    #+# #+#    #+# #+#             #+#    #+# 
###    ### ###     ### ###        #########  ###    ###  ########  ###              ########  

2021-06-21 08:59:19.291  INFO ${sys:PID} [           main] k.Kafdrop$EnvironmentSetupListener       : Initializing JAAS config
2021-06-21 08:59:19.386  INFO ${sys:PID} [           main] k.Kafdrop$EnvironmentSetupListener       : env: null .isSecured kafka: false
2021-06-21 08:59:19.387  INFO ${sys:PID} [           main] k.Kafdrop$EnvironmentSetupListener       : Env: null
2021-06-21 08:59:21.082  INFO 1 [           main] o.s.b.StartupInfoLogger                  : Starting application on kafdrop-6f69cd8c7b-tggw2 with PID 1 (started by root in /)
2021-06-21 08:59:21.094  INFO 1 [           main] o.s.b.SpringApplication                  : No active profile set, falling back to default profiles: default
2021-06-21 08:59:31.107  INFO 1 [           main] i.u.s.s.ServletContextImpl               : Initializing Spring embedded WebApplicationContext
2021-06-21 08:59:31.108  INFO 1 [           main] w.s.c.ServletWebServerApplicationContext : Root WebApplicationContext: initialization completed in 9727 ms
2021-06-21 08:59:33.398  INFO 1 [           main] k.c.KafkaConfiguration                   : Checking truststore file kafka.truststore.jks
2021-06-21 08:59:33.399  INFO 1 [           main] k.c.KafkaConfiguration                   : Checking keystore file kafka.keystore.jks
2021-06-21 08:59:33.400  INFO 1 [           main] k.c.KafkaConfiguration                   : Checking properties file kafka.properties
2021-06-21 08:59:33.577  WARN 1 [           main] o.s.c.s.AbstractApplicationContext       : Exception encountered during context initialization - cancelling refresh attempt: org.springframework.beans.factory.UnsatisfiedDependencyException: Error creating bean with name 'aclController' defined in URL [jar:file:/kafdrop-3.27.0/kafdrop-3.27.0.jar!/BOOT-INF/classes!/kafdrop/controller/AclController.class]: Unsatisfied dependency expressed through constructor parameter 0; nested exception is org.springframework.beans.factory.UnsatisfiedDependencyException: Error creating bean with name 'kafkaMonitorImpl' defined in URL [jar:file:/kafdrop-3.27.0/kafdrop-3.27.0.jar!/BOOT-INF/classes!/kafdrop/service/KafkaMonitorImpl.class]: Unsatisfied dependency expressed through constructor parameter 0; nested exception is org.springframework.beans.factory.BeanCreationException: Error creating bean with name 'kafkaHighLevelConsumer': Invocation of init method failed; nested exception is org.apache.kafka.common.KafkaException: Failed to construct kafka consumer
2021-06-21 08:59:33.665  INFO 1 [           main] ConditionEvaluationReportLoggingListener : 

Error starting ApplicationContext. To display the conditions report re-run your application with 'debug' enabled.
2021-06-21 08:59:33.678 ERROR 1 [           main] o.s.b.SpringApplication                  : Application run failed

org.springframework.beans.factory.UnsatisfiedDependencyException: Error creating bean with name 'aclController' defined in URL [jar:file:/kafdrop-3.27.0/kafdrop-3.27.0.jar!/BOOT-INF/classes!/kafdrop/controller/AclController.class]: Unsatisfied dependency expressed through constructor parameter 0; nested exception is org.springframework.beans.factory.UnsatisfiedDependencyException: Error creating bean with name 'kafkaMonitorImpl' defined in URL [jar:file:/kafdrop-3.27.0/kafdrop-3.27.0.jar!/BOOT-INF/classes!/kafdrop/service/KafkaMonitorImpl.class]: Unsatisfied dependency expressed through constructor parameter 0; nested exception is org.springframework.beans.factory.BeanCreationException: Error creating bean with name 'kafkaHighLevelConsumer': Invocation of init method failed; nested exception is org.apache.kafka.common.KafkaException: Failed to construct kafka consumer
        at org.springframework.beans.factory.support.ConstructorResolver.createArgumentArray(ConstructorResolver.java:769)
        at org.springframework.beans.factory.support.ConstructorResolver.autowireConstructor(ConstructorResolver.java:218)
        at org.springframework.beans.factory.support.AbstractAutowireCapableBeanFactory.autowireConstructor(AbstractAutowireCapableBeanFactory.java:1341)
        at org.springframework.beans.factory.support.AbstractAutowireCapableBeanFactory.createBeanInstance(AbstractAutowireCapableBeanFactory.java:1187)
        at org.springframework.beans.factory.support.AbstractAutowireCapableBeanFactory.doCreateBean(AbstractAutowireCapableBeanFactory.java:555)
        at org.springframework.beans.factory.support.AbstractAutowireCapableBeanFactory.createBean(AbstractAutowireCapableBeanFactory.java:515)
        at org.springframework.beans.factory.support.AbstractBeanFactory.lambda$doGetBean$0(AbstractBeanFactory.java:320)
        at org.springframework.beans.factory.support.DefaultSingletonBeanRegistry.getSingleton(DefaultSingletonBeanRegistry.java:222)
        at org.springframework.beans.factory.support.AbstractBeanFactory.doGetBean(AbstractBeanFactory.java:318)
        at org.springframework.beans.factory.support.AbstractBeanFactory.getBean(AbstractBeanFactory.java:199)
        at org.springframework.beans.factory.support.DefaultListableBeanFactory.preInstantiateSingletons(DefaultListableBeanFactory.java:845)
        at org.springframework.context.support.AbstractApplicationContext.finishBeanFactoryInitialization(AbstractApplicationContext.java:877)
        at org.springframework.context.support.AbstractApplicationContext.refresh(AbstractApplicationContext.java:549)
        at org.springframework.boot.web.servlet.context.ServletWebServerApplicationContext.refresh(ServletWebServerApplicationContext.java:141)
        at org.springframework.boot.SpringApplication.refresh(SpringApplication.java:744)
        at org.springframework.boot.SpringApplication.refreshContext(SpringApplication.java:391)
        at org.springframework.boot.SpringApplication.run(SpringApplication.java:312)
        at org.springframework.boot.builder.SpringApplicationBuilder.run(SpringApplicationBuilder.java:140)
        at kafdrop.Kafdrop.main(Kafdrop.java:53)
        at java.base/jdk.internal.reflect.NativeMethodAccessorImpl.invoke0(Native Method)
        at java.base/jdk.internal.reflect.NativeMethodAccessorImpl.invoke(NativeMethodAccessorImpl.java:62)
        at java.base/jdk.internal.reflect.DelegatingMethodAccessorImpl.invoke(DelegatingMethodAccessorImpl.java:43)
        at java.base/java.lang.reflect.Method.invoke(Method.java:567)
        at org.springframework.boot.loader.MainMethodRunner.run(MainMethodRunner.java:48)
        at org.springframework.boot.loader.Launcher.launch(Launcher.java:87)
        at org.springframework.boot.loader.Launcher.launch(Launcher.java:51)
        at org.springframework.boot.loader.JarLauncher.main(JarLauncher.java:52)
Caused by: org.springframework.beans.factory.UnsatisfiedDependencyException: Error creating bean with name 'kafkaMonitorImpl' defined in URL [jar:file:/kafdrop-3.27.0/kafdrop-3.27.0.jar!/BOOT-INF/classes!/kafdrop/service/KafkaMonitorImpl.class]: Unsatisfied dependency expressed through constructor parameter 0; nested exception is org.springframework.beans.factory.BeanCreationException: Error creating bean with name 'kafkaHighLevelConsumer': Invocation of init method failed; nested exception is org.apache.kafka.common.KafkaException: Failed to construct kafka consumer
        at org.springframework.beans.factory.support.ConstructorResolver.createArgumentArray(ConstructorResolver.java:769)
        at org.springframework.beans.factory.support.ConstructorResolver.autowireConstructor(ConstructorResolver.java:218)
        at org.springframework.beans.factory.support.AbstractAutowireCapableBeanFactory.autowireConstructor(AbstractAutowireCapableBeanFactory.java:1341)
        at org.springframework.beans.factory.support.AbstractAutowireCapableBeanFactory.createBeanInstance(AbstractAutowireCapableBeanFactory.java:1187)
        at org.springframework.beans.factory.support.AbstractAutowireCapableBeanFactory.doCreateBean(AbstractAutowireCapableBeanFactory.java:555)
        at org.springframework.beans.factory.support.AbstractAutowireCapableBeanFactory.createBean(AbstractAutowireCapableBeanFactory.java:515)
        at org.springframework.beans.factory.support.AbstractBeanFactory.lambda$doGetBean$0(AbstractBeanFactory.java:320)
        at org.springframework.beans.factory.support.DefaultSingletonBeanRegistry.getSingleton(DefaultSingletonBeanRegistry.java:222)
        at org.springframework.beans.factory.support.AbstractBeanFactory.doGetBean(AbstractBeanFactory.java:318)
        at org.springframework.beans.factory.support.AbstractBeanFactory.getBean(AbstractBeanFactory.java:199)
        at org.springframework.beans.factory.config.DependencyDescriptor.resolveCandidate(DependencyDescriptor.java:277)
        at org.springframework.beans.factory.support.DefaultListableBeanFactory.doResolveDependency(DefaultListableBeanFactory.java:1251)
        at org.springframework.beans.factory.support.DefaultListableBeanFactory.resolveDependency(DefaultListableBeanFactory.java:1171)
        at org.springframework.beans.factory.support.ConstructorResolver.resolveAutowiredArgument(ConstructorResolver.java:857)
        at org.springframework.beans.factory.support.ConstructorResolver.createArgumentArray(ConstructorResolver.java:760)
        ... 26 more
Caused by: org.springframework.beans.factory.BeanCreationException: Error creating bean with name 'kafkaHighLevelConsumer': Invocation of init method failed; nested exception is org.apache.kafka.common.KafkaException: Failed to construct kafka consumer
        at org.springframework.beans.factory.annotation.InitDestroyAnnotationBeanPostProcessor.postProcessBeforeInitialization(InitDestroyAnnotationBeanPostProcessor.java:139)
        at org.springframework.beans.factory.support.AbstractAutowireCapableBeanFactory.applyBeanPostProcessorsBeforeInitialization(AbstractAutowireCapableBeanFactory.java:414)
        at org.springframework.beans.factory.support.AbstractAutowireCapableBeanFactory.initializeBean(AbstractAutowireCapableBeanFactory.java:1770)
        at org.springframework.beans.factory.support.AbstractAutowireCapableBeanFactory.doCreateBean(AbstractAutowireCapableBeanFactory.java:593)
        at org.springframework.beans.factory.support.AbstractAutowireCapableBeanFactory.createBean(AbstractAutowireCapableBeanFactory.java:515)
        at org.springframework.beans.factory.support.AbstractBeanFactory.lambda$doGetBean$0(AbstractBeanFactory.java:320)
        at org.springframework.beans.factory.support.DefaultSingletonBeanRegistry.getSingleton(DefaultSingletonBeanRegistry.java:222)
        at org.springframework.beans.factory.support.AbstractBeanFactory.doGetBean(AbstractBeanFactory.java:318)
        at org.springframework.beans.factory.support.AbstractBeanFactory.getBean(AbstractBeanFactory.java:199)
        at org.springframework.beans.factory.config.DependencyDescriptor.resolveCandidate(DependencyDescriptor.java:277)
        at org.springframework.beans.factory.support.DefaultListableBeanFactory.doResolveDependency(DefaultListableBeanFactory.java:1251)
        at org.springframework.beans.factory.support.DefaultListableBeanFactory.resolveDependency(DefaultListableBeanFactory.java:1171)
        at org.springframework.beans.factory.support.ConstructorResolver.resolveAutowiredArgument(ConstructorResolver.java:857)
        at org.springframework.beans.factory.support.ConstructorResolver.createArgumentArray(ConstructorResolver.java:760)
        ... 40 more
Caused by: org.apache.kafka.common.KafkaException: Failed to construct kafka consumer
        at org.apache.kafka.clients.consumer.KafkaConsumer.<init>(KafkaConsumer.java:827)
        at org.apache.kafka.clients.consumer.KafkaConsumer.<init>(KafkaConsumer.java:664)
        at org.apache.kafka.clients.consumer.KafkaConsumer.<init>(KafkaConsumer.java:644)
        at kafdrop.service.KafkaHighLevelConsumer.initializeClient(KafkaHighLevelConsumer.java:48)
        at java.base/jdk.internal.reflect.NativeMethodAccessorImpl.invoke0(Native Method)
        at java.base/jdk.internal.reflect.NativeMethodAccessorImpl.invoke(NativeMethodAccessorImpl.java:62)
        at java.base/jdk.internal.reflect.DelegatingMethodAccessorImpl.invoke(DelegatingMethodAccessorImpl.java:43)
        at java.base/java.lang.reflect.Method.invoke(Method.java:567)
        at org.springframework.beans.factory.annotation.InitDestroyAnnotationBeanPostProcessor$LifecycleElement.invoke(InitDestroyAnnotationBeanPostProcessor.java:363)
        at org.springframework.beans.factory.annotation.InitDestroyAnnotationBeanPostProcessor$LifecycleMetadata.invokeInitMethods(InitDestroyAnnotationBeanPostProcessor.java:307)
        at org.springframework.beans.factory.annotation.InitDestroyAnnotationBeanPostProcessor.postProcessBeforeInitialization(InitDestroyAnnotationBeanPostProcessor.java:136)
        ... 53 more
Caused by: org.apache.kafka.common.config.ConfigException: Invalid url in bootstrap.servers: kafka-hs.default.svc.cluster.local
        at org.apache.kafka.clients.ClientUtils.parseAndValidateAddresses(ClientUtils.java:58)
        at org.apache.kafka.clients.ClientUtils.parseAndValidateAddresses(ClientUtils.java:47)
        at org.apache.kafka.clients.consumer.KafkaConsumer.<init>(KafkaConsumer.java:735)
        ... 63 more