Jun 16 09:35:44 master kubelet[11604]: I0616 09:35:44.532172   11604 cni.go:333] "CNI failed to retrieve network namespace path" err="cannot find network namespace for the terminated container \"632ae5484629f90f6da1d41d61061f
Jun 16 09:35:44 master kubelet[11604]: E0616 09:35:44.853815   11604 cni.go:361] "Error adding pod to network" err="open /run/flannel/subnet.env: no such file or directory" pod="kube-system/coredns-558bd4d5db-k4zp2" podSandbo
Jun 16 09:35:45 master kubelet[11604]: E0616 09:35:45.016351   11604 remote_runtime.go:116] "RunPodSandbox from runtime service failed" err="rpc error: code = Unknown desc = failed to set up sandbox container \"e64f9ae04a0695
Jun 16 09:35:45 master kubelet[11604]: E0616 09:35:45.016481   11604 kuberuntime_sandbox.go:68] "Failed to create sandbox for pod" err="rpc error: code = Unknown desc = failed to set up sandbox container \"e64f9ae04a0695288be
Jun 16 09:35:45 master kubelet[11604]: E0616 09:35:45.016550   11604 kuberuntime_manager.go:790] "CreatePodSandbox for pod failed" err="rpc error: code = Unknown desc = failed to set up sandbox container \"e64f9ae04a0695288be
Jun 16 09:35:45 master kubelet[11604]: E0616 09:35:45.017220   11604 pod_workers.go:190] "Error syncing pod, skipping" err="failed to \"CreatePodSandbox\" for \"coredns-558bd4d5db-k4zp2_kube-system(bfb929b6-d8e5-4c1b-a2c7-8e6
Jun 16 09:35:45 master kubelet[11604]: I0616 09:35:45.556744   11604 docker_sandbox.go:401] "Failed to read pod IP from plugin/docker" err="networkPlugin cni failed on the status hook for pod \"coredns-558bd4d5db-k4zp2_kube-s
Jun 16 09:35:45 master kubelet[11604]: I0616 09:35:45.611496   11604 pod_container_deletor.go:79] "Container not found in pod's containers" containerID="e64f9ae04a0695288bed1d5ba5a3147f957bb256eb401e0ca378b30d848b3439"
Jun 16 09:35:45 master kubelet[11604]: I0616 09:35:45.614597   11604 cni.go:333] "CNI failed to retrieve network namespace path" err="cannot find network namespace for the terminated container \"e64f9ae04a0695288bed1d5ba5a314
Jun 16 09:35:45 master kubelet[11604]: E0616 09:35:45.905719   11604 cni.go:361] "Error adding pod to network" err="open /run/flannel/subnet.env: no such file or directory" pod="kube-system/coredns-558bd4d5db-252bb" podSandbo
Jun 16 09:35:45 master kubelet[11604]: E0616 09:35:45.938445   11604 cni.go:361] "Error adding pod to network" err="open /run/flannel/subnet.env: no such file or directory" pod="kube-system/coredns-558bd4d5db-k4zp2" podSandbo
Jun 16 09:35:46 master kubelet[11604]: E0616 09:35:46.061336   11604 remote_runtime.go:116] "RunPodSandbox from runtime service failed" err="rpc error: code = Unknown desc = failed to set up sandbox container \"657aab5912ed25
Jun 16 09:35:46 master kubelet[11604]: E0616 09:35:46.061384   11604 kuberuntime_sandbox.go:68] "Failed to create sandbox for pod" err="rpc error: code = Unknown desc = failed to set up sandbox container \"657aab5912ed2532696
Jun 16 09:35:46 master kubelet[11604]: E0616 09:35:46.061408   11604 kuberuntime_manager.go:790] "CreatePodSandbox for pod failed" err="rpc error: code = Unknown desc = failed to set up sandbox container \"657aab5912ed2532696
Jun 16 09:35:46 master kubelet[11604]: E0616 09:35:46.061458   11604 pod_workers.go:190] "Error syncing pod, skipping" err="failed to \"CreatePodSandbox\" for \"coredns-558bd4d5db-252bb_kube-system(75e6aaa4-8e5c-444e-bc17-b18
Jun 16 09:35:46 master kubelet[11604]: E0616 09:35:46.079137   11604 remote_runtime.go:116] "RunPodSandbox from runtime service failed" err="rpc error: code = Unknown desc = failed to set up sandbox container \"53a61cec61b2d9
Jun 16 09:35:46 master kubelet[11604]: E0616 09:35:46.079210   11604 kuberuntime_sandbox.go:68] "Failed to create sandbox for pod" err="rpc error: code = Unknown desc = failed to set up sandbox container \"53a61cec61b2d94c03d
Jun 16 09:35:46 master kubelet[11604]: E0616 09:35:46.079237   11604 kuberuntime_manager.go:790] "CreatePodSandbox for pod failed" err="rpc error: code = Unknown desc = failed to set up sandbox container \"53a61cec61b2d94c03d
Jun 16 09:35:46 master kubelet[11604]: E0616 09:35:46.079284   11604 pod_workers.go:190] "Error syncing pod, skipping" err="failed to \"CreatePodSandbox\" for \"coredns-558bd4d5db-k4zp2_kube-system(bfb929b6-d8e5-4c1b-a2c7-8e6
Jun 16 09:35:46 master kubelet[11604]: I0616 09:35:46.626297   11604 docker_sandbox.go:401] "Failed to read pod IP from plugin/docker" err="networkPlugin cni failed on the status hook for pod \"coredns-558bd4d5db-k4zp2_kube-s
Jun 16 09:35:46 master kubelet[11604]: I0616 09:35:46.646080   11604 pod_container_deletor.go:79] "Container not found in pod's containers" containerID="53a61cec61b2d94c03d096c7b2a4d07865fee49a866c5d2e908a7d0457671347"
Jun 16 09:35:46 master kubelet[11604]: I0616 09:35:46.647919   11604 cni.go:333] "CNI failed to retrieve network namespace path" err="cannot find network namespace for the terminated container \"53a61cec61b2d94c03d096c7b2a4d0
Jun 16 09:35:46 master kubelet[11604]: I0616 09:35:46.649213   11604 docker_sandbox.go:401] "Failed to read pod IP from plugin/docker" err="networkPlugin cni failed on the status hook for pod \"coredns-558bd4d5db-252bb_kube-s
Jun 16 09:35:46 master kubelet[11604]: I0616 09:35:46.675931   11604 pod_container_deletor.go:79] "Container not found in pod's containers" containerID="657aab5912ed2532696c265b8b73a95256d16b410051ae2d4420736933a03c65"
Jun 16 09:35:46 master kubelet[11604]: I0616 09:35:46.679999   11604 cni.go:333] "CNI failed to retrieve network namespace path" err="cannot find network namespace for the terminated container \"657aab5912ed2532696c265b8b73a9
Jun 16 09:35:47 master kubelet[11604]: E0616 09:35:47.021182   11604 cni.go:361] "Error adding pod to network" err="open /run/flannel/subnet.env: no such file or directory" pod="kube-system/coredns-558bd4d5db-252bb" podSandbo
Jun 16 09:35:47 master kubelet[11604]: E0616 09:35:47.153646   11604 remote_runtime.go:116] "RunPodSandbox from runtime service failed" err="rpc error: code = Unknown desc = failed to set up sandbox container \"2927b576dc5f66
Jun 16 09:35:47 master kubelet[11604]: E0616 09:35:47.153710   11604 kuberuntime_sandbox.go:68] "Failed to create sandbox for pod" err="rpc error: code = Unknown desc = failed to set up sandbox container \"2927b576dc5f667ab20
Jun 16 09:35:47 master kubelet[11604]: E0616 09:35:47.153737   11604 kuberuntime_manager.go:790] "CreatePodSandbox for pod failed" err="rpc error: code = Unknown desc = failed to set up sandbox container \"2927b576dc5f667ab20
Jun 16 09:35:47 master kubelet[11604]: E0616 09:35:47.153800   11604 pod_workers.go:190] "Error syncing pod, skipping" err="failed to \"CreatePodSandbox\" for \"coredns-558bd4d5db-252bb_kube-system(75e6aaa4-8e5c-444e-bc17-b18
Jun 16 09:35:47 master kubelet[11604]: I0616 09:35:47.687957   11604 docker_sandbox.go:401] "Failed to read pod IP from plugin/docker" err="networkPlugin cni failed on the status hook for pod \"coredns-558bd4d5db-252bb_kube-s
Jun 16 09:35:47 master kubelet[11604]: I0616 09:35:47.714965   11604 pod_container_deletor.go:79] "Container not found in pod's containers" containerID="2927b576dc5f667ab2010009f30db527713c77a4957752736252377ed12d3f0a"
